Base path: E:/Unity/Editor/Data
Cmd: initializeCompiler
Cmd: compileSnippet
  api=1 type=0 insize=15862 outsize=1144 kw=DIRECTIONAL SHADOWS_SCREEN pd=UNITY_ENABLE_REFLECTION_BUFFERS UNITY_USE_DITHER_MASK_FOR_ALPHABLENDED_SHADOWS UNITY_PBS_USE_BRDF1 UNITY_SPECCUBE_BOX_PROJECTION UNITY_SPECCUBE_BLENDING UNITY_ENABLE_DETAIL_NORMALMAP SHADER_API_DESKTOP UNITY_COLORSPACE_GAMMA ok=1
Cmd: disassembleShader
  api=1 insize=1144 outsize=1901 ok=1
Cmd: compileSnippet
  api=1 type=0 insize=15862 outsize=1876 kw=DIRECTIONAL SHADOWS_SCREEN VERTEXLIGHT_ON pd=UNITY_ENABLE_REFLECTION_BUFFERS UNITY_USE_DITHER_MASK_FOR_ALPHABLENDED_SHADOWS UNITY_PBS_USE_BRDF1 UNITY_SPECCUBE_BOX_PROJECTION UNITY_SPECCUBE_BLENDING UNITY_ENABLE_DETAIL_NORMALMAP SHADER_API_DESKTOP UNITY_COLORSPACE_GAMMA ok=1
Cmd: disassembleShader
  api=1 insize=1876 outsize=3018 ok=1
Cmd: compileSnippet
  api=4 type=1 insize=15862 outsize=6902 kw=DIRECTIONAL SHADOWS_SCREEN pd=UNITY_ENABLE_REFLECTION_BUFFERS UNITY_USE_DITHER_MASK_FOR_ALPHABLENDED_SHADOWS UNITY_PBS_USE_BRDF1 UNITY_SPECCUBE_BOX_PROJECTION UNITY_SPECCUBE_BLENDING UNITY_ENABLE_DETAIL_NORMALMAP SHADER_API_DESKTOP UNITY_COLORSPACE_GAMMA UNITY_LIGHT_PROBE_PROXY_VOLUME ok=1
Cmd: disassembleShader
  api=4 insize=6902 outsize=9721 ok=1
Cmd: disassembleShader
  api=4 insize=1218 outsize=2445 ok=1
Cmd: compileSnippet
  api=1 type=0 insize=4997 outsize=752 kw=SPOT pd=UNITY_ENABLE_REFLECTION_BUFFERS UNITY_USE_DITHER_MASK_FOR_ALPHABLENDED_SHADOWS UNITY_PBS_USE_BRDF1 UNITY_SPECCUBE_BOX_PROJECTION UNITY_SPECCUBE_BLENDING UNITY_ENABLE_DETAIL_NORMALMAP SHADER_API_DESKTOP UNITY_COLORSPACE_GAMMA ok=1
Cmd: disassembleShader
  api=1 insize=752 outsize=1254 ok=1
Cmd: compileSnippet
  api=4 type=0 insize=4997 outsize=1218 kw=SPOT pd=UNITY_ENABLE_REFLECTION_BUFFERS UNITY_USE_DITHER_MASK_FOR_ALPHABLENDED_SHADOWS UNITY_PBS_USE_BRDF1 UNITY_SPECCUBE_BOX_PROJECTION UNITY_SPECCUBE_BLENDING UNITY_ENABLE_DETAIL_NORMALMAP SHADER_API_DESKTOP UNITY_COLORSPACE_GAMMA UNITY_LIGHT_PROBE_PROXY_VOLUME ok=1
Cmd: disassembleShader
  api=4 insize=1218 outsize=2445 ok=1
Cmd: compileSnippet
  api=1 type=0 insize=4997 outsize=752 kw=SPOT SHADOWS_DEPTH pd=UNITY_ENABLE_REFLECTION_BUFFERS UNITY_USE_DITHER_MASK_FOR_ALPHABLENDED_SHADOWS UNITY_PBS_USE_BRDF1 UNITY_SPECCUBE_BOX_PROJECTION UNITY_SPECCUBE_BLENDING UNITY_ENABLE_DETAIL_NORMALMAP SHADER_API_DESKTOP UNITY_COLORSPACE_GAMMA ok=1
Cmd: disassembleShader
  api=1 insize=752 outsize=1254 ok=1
Cmd: compileSnippet
  api=4 type=0 insize=4997 outsize=1218 kw=SPOT SHADOWS_DEPTH SHADOWS_SOFT pd=UNITY_ENABLE_REFLECTION_BUFFERS UNITY_USE_DITHER_MASK_FOR_ALPHABLENDED_SHADOWS UNITY_PBS_USE_BRDF1 UNITY_SPECCUBE_BOX_PROJECTION UNITY_SPECCUBE_BLENDING UNITY_ENABLE_DETAIL_NORMALMAP SHADER_API_DESKTOP UNITY_COLORSPACE_GAMMA UNITY_LIGHT_PROBE_PROXY_VOLUME ok=1
Cmd: disassembleShader
  api=4 insize=1218 outsize=2445 ok=1
Cmd: compileSnippet
  api=4 type=0 insize=4997 outsize=1218 kw=POINT SHADOWS_CUBE pd=UNITY_ENABLE_REFLECTION_BUFFERS UNITY_USE_DITHER_MASK_FOR_ALPHABLENDED_SHADOWS UNITY_PBS_USE_BRDF1 UNITY_SPECCUBE_BOX_PROJECTION UNITY_SPECCUBE_BLENDING UNITY_ENABLE_DETAIL_NORMALMAP SHADER_API_DESKTOP UNITY_COLORSPACE_GAMMA UNITY_LIGHT_PROBE_PROXY_VOLUME ok=1
Cmd: disassembleShader
  api=4 insize=1218 outsize=2445 ok=1
Cmd: compileSnippet
  api=1 type=0 insize=4997 outsize=752 kw=POINT_COOKIE SHADOWS_CUBE SHADOWS_SOFT pd=UNITY_ENABLE_REFLECTION_BUFFERS UNITY_USE_DITHER_MASK_FOR_ALPHABLENDED_SHADOWS UNITY_PBS_USE_BRDF1 UNITY_SPECCUBE_BOX_PROJECTION UNITY_SPECCUBE_BLENDING UNITY_ENABLE_DETAIL_NORMALMAP SHADER_API_DESKTOP UNITY_COLORSPACE_GAMMA ok=1
Cmd: disassembleShader
  api=1 insize=752 outsize=1254 ok=1
Cmd: compileSnippet
  api=1 type=1 insize=4997 outsize=1748 kw=DIRECTIONAL pd=UNITY_ENABLE_REFLECTION_BUFFERS UNITY_USE_DITHER_MASK_FOR_ALPHABLENDED_SHADOWS UNITY_PBS_USE_BRDF1 UNITY_SPECCUBE_BOX_PROJECTION UNITY_SPECCUBE_BLENDING UNITY_ENABLE_DETAIL_NORMALMAP SHADER_API_DESKTOP UNITY_COLORSPACE_GAMMA ok=1
Cmd: disassembleShader
  api=1 insize=1748 outsize=3089 ok=1
Cmd: compileSnippet
  api=1 type=1 insize=4997 outsize=2948 kw=SPOT SHADOWS_DEPTH SHADOWS_SOFT pd=UNITY_ENABLE_REFLECTION_BUFFERS UNITY_USE_DITHER_MASK_FOR_ALPHABLENDED_SHADOWS UNITY_PBS_USE_BRDF1 UNITY_SPECCUBE_BOX_PROJECTION UNITY_SPECCUBE_BLENDING UNITY_ENABLE_DETAIL_NORMALMAP SHADER_API_DESKTOP UNITY_COLORSPACE_GAMMA ok=1
Cmd: disassembleShader
  api=1 insize=2948 outsize=5144 ok=1
Cmd: compileSnippet
  api=4 type=1 insize=4997 outsize=3982 kw=DIRECTIONAL_COOKIE SHADOWS_SCREEN pd=UNITY_ENABLE_REFLECTION_BUFFERS UNITY_USE_DITHER_MASK_FOR_ALPHABLENDED_SHADOWS UNITY_PBS_USE_BRDF1 UNITY_SPECCUBE_BOX_PROJECTION UNITY_SPECCUBE_BLENDING UNITY_ENABLE_DETAIL_NORMALMAP SHADER_API_DESKTOP UNITY_COLORSPACE_GAMMA UNITY_LIGHT_PROBE_PROXY_VOLUME ok=1
Cmd: disassembleShader
  api=4 insize=3982 outsize=5717 ok=1
Cmd: compileSnippet
  api=4 type=1 insize=4997 outsize=4762 kw=POINT SHADOWS_CUBE SHADOWS_SOFT pd=UNITY_ENABLE_REFLECTION_BUFFERS UNITY_USE_DITHER_MASK_FOR_ALPHABLENDED_SHADOWS UNITY_PBS_USE_BRDF1 UNITY_SPECCUBE_BOX_PROJECTION UNITY_SPECCUBE_BLENDING UNITY_ENABLE_DETAIL_NORMALMAP SHADER_API_DESKTOP UNITY_COLORSPACE_GAMMA UNITY_LIGHT_PROBE_PROXY_VOLUME ok=1
Cmd: disassembleShader
  api=4 insize=4762 outsize=6830 ok=1
Cmd: compileSnippet
  api=1 type=0 insize=14446 outsize=1004 kw=UNITY_HDR_ON pd=UNITY_ENABLE_REFLECTION_BUFFERS UNITY_USE_DITHER_MASK_FOR_ALPHABLENDED_SHADOWS UNITY_PBS_USE_BRDF1 UNITY_SPECCUBE_BOX_PROJECTION UNITY_SPECCUBE_BLENDING UNITY_ENABLE_DETAIL_NORMALMAP SHADER_API_DESKTOP UNITY_COLORSPACE_GAMMA ok=1
Cmd: disassembleShader
  api=1 insize=1004 outsize=1667 ok=1
Cmd: disassembleShader
  api=4 insize=2234 outsize=4041 ok=1
Cmd: disassembleShader
  api=4 insize=1590 outsize=2998 ok=1
Cmd: disassembleShader
  api=1 insize=1760 outsize=2829 ok=1
Cmd: disassembleShader
  api=1 insize=1876 outsize=3018 ok=1
Cmd: disassembleShader
  api=4 insize=2614 outsize=4451 ok=1
Cmd: disassembleShader
  api=4 insize=6374 outsize=9005 ok=1
Cmd: disassembleShader
  api=1 insize=752 outsize=1254 ok=1
Cmd: disassembleShader
  api=1 insize=752 outsize=1254 ok=1
Cmd: disassembleShader
  api=1 insize=752 outsize=1254 ok=1
Cmd: disassembleShader
  api=4 insize=1218 outsize=2445 ok=1
Cmd: disassembleShader
  api=4 insize=1218 outsize=2445 ok=1
Cmd: disassembleShader
  api=1 insize=868 outsize=1443 ok=1
Cmd: disassembleShader
  api=4 insize=1342 outsize=2655 ok=1
Cmd: disassembleShader
  api=1 insize=752 outsize=1254 ok=1
Cmd: disassembleShader
  api=1 insize=752 outsize=1254 ok=1
Cmd: disassembleShader
  api=4 insize=3582 outsize=5155 ok=1
Cmd: disassembleShader
  api=1 insize=2208 outsize=3735 ok=1
Cmd: disassembleShader
  api=1 insize=1964 outsize=3405 ok=1
Cmd: disassembleShader
  api=4 insize=4570 outsize=6473 ok=1
Cmd: disassembleShader
  api=1 insize=2144 outsize=3852 ok=1
Cmd: disassembleShader
  api=4 insize=4290 outsize=6053 ok=1
Cmd: disassembleShader
  api=4 insize=4382 outsize=6218 ok=1
Cmd: disassembleShader
  api=4 insize=4854 outsize=6995 ok=1
Cmd: disassembleShader
  api=1 insize=1004 outsize=1667 ok=1
Cmd: disassembleShader
  api=4 insize=2234 outsize=4041 ok=1
